TN:
SF:/Users/punkish/Projects/zenrest/app.js
FN:13,build
FNF:1
FNH:1
FNDA:1,build
DA:3,1
DA:5,1
DA:11,1
DA:14,1
DA:19,1
DA:20,1
DA:22,1
DA:25,1
LF:8
LH:8
BRDA:13,0,0,1
BRF:1
BRH:1
end_of_record
TN:
SF:/Users/punkish/Projects/zenrest/api/v3/index.js
FN:8,(anonymous_0)
FN:9,(anonymous_1)
FN:17,(anonymous_2)
FNF:3
FNH:3
FNDA:1,(anonymous_0)
FNDA:2,(anonymous_1)
FNDA:1,(anonymous_2)
DA:5,1
DA:8,1
DA:9,1
DA:10,2
DA:19,1
DA:20,1
DA:22,1
DA:23,0
DA:24,0
DA:25,0
DA:26,0
DA:30,0
DA:31,0
DA:35,1
DA:42,1
LF:15
LH:9
BRDA:22,0,0,0
BRDA:22,0,1,1
BRDA:24,1,0,0
BRDA:24,1,1,0
BRDA:30,2,0,0
BRDA:30,2,1,0
BRF:6
BRH:1
end_of_record
TN:
SF:/Users/punkish/Projects/zenrest/api/v3/resources/index.js
FNF:0
FNH:0
DA:3,1
LF:1
LH:1
BRF:0
BRH:0
end_of_record
TN:
SF:/Users/punkish/Projects/zenrest/api/v3/resources/root.js
FN:10,(anonymous_0)
FN:14,(anonymous_1)
FNF:2
FNH:0
FNDA:0,(anonymous_0)
FNDA:0,(anonymous_1)
DA:3,1
DA:4,1
DA:7,1
DA:8,1
DA:9,1
DA:10,1
DA:11,0
DA:13,0
DA:14,0
DA:15,0
DA:16,0
DA:23,0
DA:33,1
LF:13
LH:7
BRDA:15,0,0,0
BRDA:15,0,1,0
BRF:2
BRH:0
end_of_record
TN:
SF:/Users/punkish/Projects/zenrest/api/v3/resources/treatments.js
FN:14,(anonymous_0)
FN:16,(anonymous_1)
FN:24,(anonymous_2)
FN:49,(anonymous_3)
FN:97,(anonymous_4)
FN:122,(anonymous_5)
FN:143,(anonymous_6)
FNF:7
FNH:4
FNDA:1,(anonymous_0)
FNDA:6,(anonymous_1)
FNDA:0,(anonymous_2)
FNDA:1,(anonymous_3)
FNDA:0,(anonymous_4)
FNDA:0,(anonymous_5)
FNDA:1,(anonymous_6)
DA:3,1
DA:4,1
DA:5,1
DA:6,1
DA:7,1
DA:8,1
DA:9,1
DA:11,1
DA:12,1
DA:13,1
DA:14,1
DA:15,1
DA:16,1
DA:17,6
DA:18,6
DA:19,6
DA:21,1
DA:24,1
DA:26,0
DA:28,0
DA:29,0
DA:30,0
DA:31,0
DA:32,0
DA:35,0
DA:38,0
DA:41,0
DA:45,0
DA:49,1
DA:51,1
DA:53,1
DA:54,0
DA:55,0
DA:56,0
DA:57,0
DA:58,0
DA:59,0
DA:60,0
DA:62,0
DA:72,0
DA:76,1
DA:77,1
DA:78,1
DA:79,1
DA:80,1
DA:81,1
DA:84,0
DA:88,0
DA:92,0
DA:97,1
DA:99,0
DA:101,0
DA:102,0
DA:103,0
DA:105,0
DA:106,0
DA:107,0
DA:109,0
DA:110,0
DA:111,0
DA:113,0
DA:122,1
DA:124,0
DA:125,0
DA:127,0
DA:143,1
DA:144,1
DA:146,1
DA:147,1
DA:149,1
DA:150,1
DA:151,30
DA:152,30
DA:158,1
DA:172,1
LF:75
LH:39
BRDA:29,0,0,0
BRDA:29,0,1,0
BRDA:30,1,0,0
BRDA:30,1,1,0
BRDA:53,2,0,0
BRDA:53,2,1,1
BRDA:77,3,0,1
BRDA:77,3,1,0
BRDA:78,4,0,1
BRDA:78,4,1,0
BRDA:144,5,0,1
BRDA:144,5,1,0
BRDA:149,6,0,1
BRDA:149,6,1,0
BRF:14
BRH:5
end_of_record
TN:
SF:/Users/punkish/Projects/zenrest/config/default.js
FNF:0
FNH:0
DA:9,1
DA:10,1
DA:12,1
LF:3
LH:3
BRF:0
BRH:0
end_of_record
TN:
SF:/Users/punkish/Projects/zenrest/data/definitions.js
FNF:0
FNH:0
DA:3,1
LF:1
LH:1
BRF:0
BRH:0
end_of_record
TN:
SF:/Users/punkish/Projects/zenrest/data/index.js
FNF:0
FNH:0
DA:3,1
LF:1
LH:1
BRF:0
BRH:0
end_of_record
TN:
SF:/Users/punkish/Projects/zenrest/data/root.js
FNF:0
FNH:0
DA:3,1
LF:1
LH:1
BRF:0
BRH:0
end_of_record
TN:
SF:/Users/punkish/Projects/zenrest/data/treatments.js
FNF:0
FNH:0
DA:3,1
DA:4,1
DA:6,1
LF:3
LH:3
BRF:0
BRH:0
end_of_record
TN:
SF:/Users/punkish/Projects/zenrest/lib/zql/clauses.js
FN:24,(anonymous_0)
FN:25,(anonymous_1)
FN:59,(anonymous_2)
FN:99,(anonymous_3)
FN:145,(anonymous_4)
FN:151,(anonymous_5)
FN:151,(anonymous_6)
FN:166,(anonymous_7)
FN:169,(anonymous_8)
FN:170,(anonymous_9)
FN:170,(anonymous_10)
FNF:11
FNH:7
FNDA:0,(anonymous_0)
FNDA:0,(anonymous_1)
FNDA:0,(anonymous_2)
FNDA:0,(anonymous_3)
FNDA:1,(anonymous_4)
FNDA:6,(anonymous_5)
FNDA:4,(anonymous_6)
FNDA:6,(anonymous_7)
FNDA:6,(anonymous_8)
FNDA:6,(anonymous_9)
FNDA:1,(anonymous_10)
DA:3,1
DA:5,1
DA:24,1
DA:25,0
DA:26,0
DA:30,0
DA:31,0
DA:33,0
DA:34,0
DA:36,0
DA:37,0
DA:39,0
DA:40,0
DA:41,0
DA:44,0
DA:45,0
DA:47,0
DA:48,0
DA:49,0
DA:52,0
DA:55,0
DA:56,0
DA:59,1
DA:61,0
DA:63,0
DA:64,0
DA:67,0
DA:69,0
DA:70,0
DA:75,0
DA:76,0
DA:77,0
DA:78,0
DA:79,0
DA:83,0
DA:84,0
DA:91,0
DA:92,0
DA:93,0
DA:95,0
DA:96,0
DA:98,0
DA:99,0
DA:100,0
DA:101,0
DA:104,0
DA:105,0
DA:109,0
DA:111,0
DA:115,0
DA:117,0
DA:118,0
DA:119,0
DA:120,0
DA:126,0
DA:145,1
DA:147,1
DA:150,1
DA:151,6
DA:152,4
DA:153,1
DA:156,3
DA:166,6
DA:169,6
DA:170,6
DA:172,1
DA:173,0
DA:176,1
DA:179,1
LF:69
LH:17
BRDA:30,0,0,0
BRDA:30,0,1,0
BRDA:33,1,0,0
BRDA:33,1,1,0
BRDA:36,2,0,0
BRDA:36,2,1,0
BRDA:39,3,0,0
BRDA:39,3,1,0
BRDA:44,4,0,0
BRDA:44,4,1,0
BRDA:44,5,0,0
BRDA:44,5,1,0
BRDA:47,6,0,0
BRDA:47,6,1,0
BRDA:63,7,0,0
BRDA:63,7,1,0
BRDA:69,8,0,0
BRDA:69,8,1,0
BRDA:75,9,0,0
BRDA:75,9,1,0
BRDA:76,10,0,0
BRDA:76,10,1,0
BRDA:91,11,0,0
BRDA:91,11,1,0
BRDA:92,12,0,0
BRDA:92,12,1,0
BRDA:95,13,0,0
BRDA:95,13,1,0
BRDA:98,14,0,0
BRDA:98,14,1,0
BRDA:104,15,0,0
BRDA:104,15,1,0
BRDA:105,16,0,0
BRDA:105,16,1,0
BRDA:109,17,0,0
BRDA:109,17,1,0
BRDA:119,18,0,0
BRDA:119,18,1,0
BRDA:152,19,0,1
BRDA:152,19,1,3
BRF:40
BRH:2
end_of_record
TN:
SF:/Users/punkish/Projects/zenrest/lib/zql/index.js
FN:20,(anonymous_0)
FN:55,(anonymous_1)
FNF:2
FNH:1
FNDA:1,(anonymous_0)
FNDA:0,(anonymous_1)
DA:3,1
DA:4,1
DA:20,1
DA:21,1
DA:23,1
DA:27,1
DA:28,0
DA:31,1
DA:34,1
DA:35,1
DA:36,1
DA:38,1
DA:39,0
DA:40,0
DA:41,0
DA:44,1
DA:45,0
DA:46,0
DA:49,1
DA:50,1
DA:52,1
DA:55,1
DA:56,0
DA:61,0
DA:75,0
DA:90,0
DA:91,0
DA:92,0
DA:96,1
DA:97,0
DA:100,1
LF:31
LH:18
BRDA:27,0,0,0
BRDA:27,0,1,1
BRDA:38,1,0,0
BRDA:38,1,1,1
BRDA:44,2,0,0
BRDA:44,2,1,1
BRDA:96,3,0,0
BRDA:96,3,1,1
BRF:8
BRH:4
end_of_record
